2020-11-16T08:18:12+00:00 NOTICE action_scheduler.queue_job :: MailChimp_WooCommerce_Cart_Update queued :: obj_id e5ac9f0c84cc13b40e4d57d84fbe373d
2020-11-16T08:19:20+00:00 NOTICE abandoned_cart.success :: email: busola.shokunbi@yahoo.com :: checkout_url: https://www.msbeefab.com/checkout/?mc_cart_id=e5ac9f0c84cc13b40e4d57d84fbe373d
2020-11-16T08:19:21+00:00 NOTICE cart.member.updated :: Updated busola.shokunbi@yahoo.com subscriber status to subscribed and language to en
2020-11-16T08:19:31+00:00 NOTICE action_scheduler.queue_job :: MailChimp_WooCommerce_Cart_Update queued :: obj_id e5ac9f0c84cc13b40e4d57d84fbe373d
2020-11-16T08:19:32+00:00 NOTICE abandoned_cart.success :: email: busola.shokunbi@yahoo.com :: checkout_url: https://www.msbeefab.com/checkout/?mc_cart_id=e5ac9f0c84cc13b40e4d57d84fbe373d
2020-11-16T08:20:00+00:00 NOTICE ac.cart_swap :: Deleted cart [busola.shokunbi@yahoo.com] :: ID [e5ac9f0c84cc13b40e4d57d84fbe373d]
2020-11-16T08:20:01+00:00 NOTICE action_scheduler.queue_job :: MailChimp_WooCommerce_Cart_Update queued :: obj_id 9f5d304942a5738ce1191801b5f9a387
2020-11-16T08:20:09+00:00 NOTICE action_scheduler.queue_job :: MailChimp_WooCommerce_Single_Order starts in 90 seconds :: obj_id 2396
2020-11-16T08:20:11+00:00 NOTICE debug :: Order ID 2396 was pending and is now on-hold :: Array
(
    [new_order] => 
    [tracking] => 
)

2020-11-16T08:20:34+00:00 NOTICE abandoned_cart.success :: email: rachaelomisore@gmail.com :: checkout_url: https://www.msbeefab.com/checkout/?mc_cart_id=9f5d304942a5738ce1191801b5f9a387
2020-11-16T08:20:34+00:00 NOTICE cart.member.updated :: Updated rachaelomisore@gmail.com subscriber status to transactional and language to en
2020-11-16T08:21:40+00:00 NOTICE system.debug :: order 2396 is in on-hold status, and is being skipped for now.
2020-11-16T09:57:17+00:00 NOTICE action_scheduler.queue_job :: MailChimp_WooCommerce_Single_Product starts in 5 seconds :: obj_id 2346
2020-11-16T09:58:05+00:00 NOTICE product_submit.success :: updateStoreProduct :: #2346
2020-11-16T10:00:11+00:00 NOTICE action_scheduler.queue_job :: MailChimp_WooCommerce_Single_Product starts in 5 seconds :: obj_id 2350
2020-11-16T10:00:16+00:00 NOTICE product_submit.success :: updateStoreProduct :: #2350
2020-11-16T10:14:42+00:00 NOTICE action_scheduler.queue_job :: MailChimp_WooCommerce_Single_Product starts in 5 seconds :: obj_id 2315
2020-11-16T10:14:55+00:00 NOTICE product_submit.success :: updateStoreProduct :: #2315
2020-11-16T10:26:09+00:00 NOTICE action_scheduler.queue_job :: MailChimp_WooCommerce_Cart_Update queued :: obj_id 9f5d304942a5738ce1191801b5f9a387
2020-11-16T10:26:18+00:00 NOTICE abandoned_cart.success :: email: rachaelomisore@gmail.com :: checkout_url: https://www.msbeefab.com/checkout/?mc_cart_id=9f5d304942a5738ce1191801b5f9a387
2020-11-16T10:26:19+00:00 NOTICE cart.member.updated :: Updated rachaelomisore@gmail.com subscriber status to transactional and language to en
2020-11-16T10:27:22+00:00 NOTICE action_scheduler.queue_job :: MailChimp_WooCommerce_Cart_Update queued :: obj_id 9f5d304942a5738ce1191801b5f9a387
2020-11-16T10:27:23+00:00 NOTICE action_scheduler.queue_job :: MailChimp_WooCommerce_Cart_Update queued :: obj_id 3bd0a7c2ba93d0a94d50631431be7576
2020-11-16T10:27:23+00:00 NOTICE abandoned_cart.success :: email: rachaelomisore@gmail.com :: checkout_url: https://www.msbeefab.com/checkout/?mc_cart_id=9f5d304942a5738ce1191801b5f9a387
2020-11-16T10:27:24+00:00 NOTICE abandoned_cart.success :: email: beefab@me.com :: checkout_url: https://www.msbeefab.com/checkout/?mc_cart_id=3bd0a7c2ba93d0a94d50631431be7576
2020-11-16T10:27:24+00:00 NOTICE cart.member.updated :: Updated beefab@me.com subscriber status to subscribed and language to en
2020-11-16T10:27:31+00:00 NOTICE action_scheduler.queue_job :: MailChimp_WooCommerce_Single_Order starts in 90 seconds :: obj_id 2399
2020-11-16T10:27:33+00:00 NOTICE debug :: Order ID 2399 was pending and is now on-hold :: Array
(
    [new_order] => 
    [tracking] => 
)

2020-11-16T10:29:18+00:00 NOTICE action_scheduler.queue_job :: MailChimp_WooCommerce_Single_Order starts in 90 seconds :: obj_id 2400
2020-11-16T10:29:18+00:00 NOTICE system.debug :: order 2399 is in on-hold status, and is being skipped for now.
2020-11-16T10:30:57+00:00 NOTICE action_scheduler.queue_job :: MailChimp_WooCommerce_Single_Order starts in 90 seconds :: obj_id 2400
2020-11-16T10:30:58+00:00 NOTICE order_sumbit :: #2400 has a financial status of pending and was skipped.
2020-11-16T10:31:00+00:00 NOTICE debug :: Order ID 2400 was pending and is now processing :: Array
(
    [new_order] => 1
    [tracking] => Array
        (
            [campaign_id] => 
            [landing_site] => https://www.msbeefab.com/?wc-ajax=get_refreshed_fragments
        )

)

2020-11-16T10:34:05+00:00 NOTICE order.member.updated :: Updated minalawson@gmail.com subscriber status to transactional and language to 
2020-11-16T10:34:05+00:00 NOTICE order_submit.success :: addStoreOrder :: #2400 :: email: minalawson@gmail.com :: landing site https://www.msbeefab.com/?wc-ajax=get_refreshed_fragments
2020-11-16T10:51:50+00:00 NOTICE action_scheduler.queue_job :: MailChimp_WooCommerce_Single_Product starts in 5 seconds :: obj_id 2335
2020-11-16T10:51:56+00:00 NOTICE product_submit.success :: updateStoreProduct :: #2335
2020-11-16T11:03:05+00:00 NOTICE action_scheduler.queue_job :: MailChimp_WooCommerce_Single_Product starts in 5 seconds :: obj_id 2333
2020-11-16T11:04:00+00:00 NOTICE product_submit.success :: updateStoreProduct :: #2333
2020-11-16T11:04:52+00:00 NOTICE action_scheduler.queue_job :: MailChimp_WooCommerce_Single_Product starts in 5 seconds :: obj_id 2315
2020-11-16T11:05:26+00:00 NOTICE product_submit.success :: updateStoreProduct :: #2315
2020-11-16T15:56:30+00:00 NOTICE action_scheduler.queue_job :: MailChimp_WooCommerce_Single_Product starts in 5 seconds :: obj_id 2333
2020-11-16T15:57:06+00:00 NOTICE product_submit.success :: updateStoreProduct :: #2333
2020-11-16T16:03:17+00:00 NOTICE action_scheduler.queue_job :: MailChimp_WooCommerce_Single_Order starts in 90 seconds :: obj_id 2401
2020-11-16T16:03:17+00:00 NOTICE action_scheduler.queue_job :: MailChimp_WooCommerce_Cart_Update queued :: obj_id 3bd0a7c2ba93d0a94d50631431be7576
2020-11-16T16:03:18+00:00 NOTICE abandoned_cart.success :: email: beefab@me.com :: checkout_url: https://www.msbeefab.com/checkout/?mc_cart_id=3bd0a7c2ba93d0a94d50631431be7576
2020-11-16T16:03:19+00:00 NOTICE cart.member.updated :: Updated beefab@me.com subscriber status to subscribed and language to en
2020-11-16T16:03:20+00:00 NOTICE debug :: Order ID 2401 was pending and is now on-hold :: Array
(
    [new_order] => 
    [tracking] => 
)

2020-11-16T16:05:03+00:00 NOTICE system.debug :: order 2401 is in on-hold status, and is being skipped for now.
2020-11-16T16:16:50+00:00 NOTICE action_scheduler.queue_job :: MailChimp_WooCommerce_Single_Order starts in 90 seconds :: obj_id 2402
2020-11-16T16:16:53+00:00 NOTICE debug :: Order ID 2402 was pending and is now on-hold :: Array
(
    [new_order] => 
    [tracking] => 
)

2020-11-16T16:19:45+00:00 NOTICE system.debug :: order 2402 is in on-hold status, and is being skipped for now.
2020-11-16T19:51:54+00:00 NOTICE action_scheduler.queue_job :: MailChimp_WooCommerce_Single_Product starts in 5 seconds :: obj_id 2281
2020-11-16T19:52:55+00:00 NOTICE product_submit.success :: updateStoreProduct :: #2281
2020-11-16T19:53:22+00:00 NOTICE action_scheduler.queue_job :: MailChimp_WooCommerce_Single_Product starts in 5 seconds :: obj_id 2281
2020-11-16T19:55:26+00:00 NOTICE product_submit.success :: updateStoreProduct :: #2281
