2020-11-17T13:01:36+00:00 NOTICE ac.cart_swap :: Deleted cart [beefab@me.com] :: ID [3bd0a7c2ba93d0a94d50631431be7576]
2020-11-17T13:01:37+00:00 NOTICE action_scheduler.queue_job :: MailChimp_WooCommerce_Cart_Update queued :: obj_id 9f5d304942a5738ce1191801b5f9a387
2020-11-17T13:01:55+00:00 NOTICE abandoned_cart.success :: email: rachaelomisore@gmail.com :: checkout_url: https://www.msbeefab.com/checkout/?mc_cart_id=9f5d304942a5738ce1191801b5f9a387
2020-11-17T13:01:55+00:00 NOTICE cart.member.updated :: Updated rachaelomisore@gmail.com subscriber status to transactional and language to en
2020-11-17T13:02:19+00:00 NOTICE action_scheduler.queue_job :: MailChimp_WooCommerce_Cart_Update queued :: obj_id 9f5d304942a5738ce1191801b5f9a387
2020-11-17T13:04:27+00:00 NOTICE abandoned_cart.success :: email: rachaelomisore@gmail.com :: checkout_url: https://www.msbeefab.com/checkout/?mc_cart_id=9f5d304942a5738ce1191801b5f9a387
2020-11-17T13:30:08+00:00 NOTICE action_scheduler.queue_job :: MailChimp_WooCommerce_Single_Order starts in 90 seconds :: obj_id 2404
2020-11-17T13:30:11+00:00 NOTICE debug :: Order ID 2404 was pending and is now on-hold :: Array
(
    [new_order] => 
    [tracking] => 
)

2020-11-17T13:31:17+00:00 NOTICE debug :: Order ID 2393 was processing and is now completed :: Array
(
    [new_order] => 
    [tracking] => 
)

2020-11-17T13:31:17+00:00 NOTICE action_scheduler.queue_job :: MailChimp_WooCommerce_Single_Order starts in 90 seconds :: obj_id 2393
2020-11-17T13:32:09+00:00 NOTICE system.debug :: order 2404 is in on-hold status, and is being skipped for now.
2020-11-17T13:33:05+00:00 NOTICE order.member.updated :: Updated linsodeinde@gmail.com subscriber status to transactional and language to 
2020-11-17T13:33:05+00:00 NOTICE order_submit.success :: updateStoreOrder :: #2393 :: email: linsodeinde@gmail.com
2020-11-17T13:34:06+00:00 NOTICE action_scheduler.queue_job :: MailChimp_WooCommerce_Single_Product starts in 5 seconds :: obj_id 2344
2020-11-17T13:34:41+00:00 NOTICE product_submit.success :: updateStoreProduct :: #2344
2020-11-17T13:36:02+00:00 NOTICE action_scheduler.queue_job :: MailChimp_WooCommerce_Single_Product starts in 5 seconds :: obj_id 2333
2020-11-17T13:36:52+00:00 NOTICE product_submit.success :: updateStoreProduct :: #2333
