2020-11-15T11:12:03+00:00 NOTICE action_scheduler.queue_job :: MailChimp_WooCommerce_Single_Order starts in 90 seconds :: obj_id 2393
2020-11-15T11:12:03+00:00 NOTICE action_scheduler.queue_job :: MailChimp_WooCommerce_Cart_Update queued :: obj_id 3397d65e7454d1d5006549770b0a9d7c
2020-11-15T11:12:04+00:00 NOTICE abandoned_cart.success :: email: linsodeinde@gmail.com :: checkout_url: https://www.msbeefab.com/checkout/?mc_cart_id=3397d65e7454d1d5006549770b0a9d7c
2020-11-15T11:12:05+00:00 NOTICE debug :: Order ID 2393 was pending and is now on-hold :: Array
(
    [new_order] => 
    [tracking] => 
)

2020-11-15T11:12:05+00:00 NOTICE cart.member.updated :: Updated linsodeinde@gmail.com subscriber status to transactional and language to en
2020-11-15T11:14:10+00:00 NOTICE system.debug :: order 2393 is in on-hold status, and is being skipped for now.
2020-11-15T15:38:38+00:00 NOTICE debug :: Order ID 2393 was on-hold and is now processing :: Array
(
    [new_order] => 
    [tracking] => 
)

2020-11-15T15:38:38+00:00 NOTICE action_scheduler.queue_job :: MailChimp_WooCommerce_Single_Order starts in 90 seconds :: obj_id 2393
2020-11-15T15:41:08+00:00 NOTICE order.member.updated :: Updated linsodeinde@gmail.com subscriber status to transactional and language to 
2020-11-15T15:41:08+00:00 NOTICE order_submit.success :: addStoreOrder :: #2393 :: email: linsodeinde@gmail.com :: abandoned cart deleted [3397d65e7454d1d5006549770b0a9d7c]
2020-11-15T19:25:38+00:00 NOTICE action_scheduler.queue_job :: MailChimp_WooCommerce_Cart_Update queued :: obj_id e5ac9f0c84cc13b40e4d57d84fbe373d
2020-11-15T19:25:39+00:00 NOTICE abandoned_cart.success :: email: busola.shokunbi@yahoo.com :: checkout_url: https://www.msbeefab.com/checkout/?mc_cart_id=e5ac9f0c84cc13b40e4d57d84fbe373d
2020-11-15T19:25:40+00:00 NOTICE cart.member.updated :: Updated busola.shokunbi@yahoo.com subscriber status to subscribed and language to en
2020-11-15T19:26:08+00:00 NOTICE action_scheduler.queue_job :: MailChimp_WooCommerce_Single_Order starts in 90 seconds :: obj_id 2394
2020-11-15T19:26:10+00:00 NOTICE debug :: Order ID 2394 was pending and is now on-hold :: Array
(
    [new_order] => 
    [tracking] => 
)

2020-11-15T19:29:53+00:00 NOTICE system.debug :: order 2394 is in on-hold status, and is being skipped for now.
2020-11-15T19:39:06+00:00 NOTICE debug :: Order ID 2394 was on-hold and is now processing :: Array
(
    [new_order] => 
    [tracking] => 
)

2020-11-15T19:39:06+00:00 NOTICE action_scheduler.queue_job :: MailChimp_WooCommerce_Single_Order starts in 90 seconds :: obj_id 2394
2020-11-15T19:42:32+00:00 NOTICE order.member.updated :: Updated busola.shokunbi@yahoo.com subscriber status to subscribed and language to 
2020-11-15T19:42:32+00:00 NOTICE order_submit.success :: addStoreOrder :: #2394 :: email: busola.shokunbi@yahoo.com :: abandoned cart deleted [e5ac9f0c84cc13b40e4d57d84fbe373d]
2020-11-15T19:45:35+00:00 NOTICE action_scheduler.queue_job :: MailChimp_WooCommerce_Cart_Update queued :: obj_id e5ac9f0c84cc13b40e4d57d84fbe373d
2020-11-15T19:46:00+00:00 NOTICE abandoned_cart.success :: email: busola.shokunbi@yahoo.com :: checkout_url: https://www.msbeefab.com/checkout/?mc_cart_id=e5ac9f0c84cc13b40e4d57d84fbe373d
2020-11-15T19:46:20+00:00 NOTICE action_scheduler.queue_job :: MailChimp_WooCommerce_Single_Order starts in 90 seconds :: obj_id 2395
2020-11-15T19:46:22+00:00 NOTICE debug :: Order ID 2395 was pending and is now on-hold :: Array
(
    [new_order] => 
    [tracking] => 
)

2020-11-15T19:47:56+00:00 NOTICE system.debug :: order 2395 is in on-hold status, and is being skipped for now.
